<?xml version="1.0" encoding="UTF-8"?>
<testng-results ignored="0" total="1" passed="1" failed="0" skipped="0">
  <reporter-output>
  </reporter-output>
  <suite started-at="2020-02-20T12:13:55 CST" name="Default suite" finished-at="2020-02-20T12:14:14 CST" duration-ms="19300">
    <groups>
    </groups>
    <test started-at="2020-02-20T12:13:55 CST" name="Default test" finished-at="2020-02-20T12:14:14 CST" duration-ms="19300">
      <class name="test.LoginTest">
        <test-method is-config="true" signature="launchBrowser()[pri:0, instance:test.LoginTest@37afeb11]" started-at="2020-02-20T12:13:55 CST" name="launchBrowser" finished-at="2020-02-20T12:14:01 CST" duration-ms="6497" status="PASS">
          <reporter-output>
          </reporter-output>
        </test-method> <!-- launchBrowser -->
        <test-method signature="validUserShouldBeAbleToLogin()[pri:0, instance:test.LoginTest@37afeb11]" started-at="2020-02-20T12:14:01 CST" name="validUserShouldBeAbleToLogin" finished-at="2020-02-20T12:14:14 CST" duration-ms="12173" status="PASS">
          <reporter-output>
          </reporter-output>
        </test-method> <!-- validUserShouldBeAbleToLogin -->
        <test-method is-config="true" signature="close()[pri:0, instance:test.LoginTest@37afeb11]" started-at="2020-02-20T12:14:14 CST" name="close" finished-at="2020-02-20T12:14:14 CST" duration-ms="601" status="PASS">
          <reporter-output>
          </reporter-output>
        </test-method> <!-- close -->
      </class> <!-- test.LoginTest -->
    </test> <!-- Default test -->
  </suite> <!-- Default suite -->
</testng-results>
